Flow report for 64bitmux
Tue Oct 09 11:09:16 2012
Quartus II 32-bit Version 12.0 Build 263 08/02/2012 Service Pack 2 SJ Web Edition


---------------------
; Table of Contents ;
---------------------
  1. Legal Notice
  2. Flow Summary
  3. Flow Settings
  4. Flow Non-Default Global Settings
  5. Flow Elapsed Time
  6. Flow OS Summary
  7. Flow Log



----------------
; Legal Notice ;
----------------
Copyright (C) 1991-2012 Altera Corporation
Your use of Altera Corporation's design tools, logic functions 
and other software and tools, and its AMPP partner logic 
functions, and any output files from any of the foregoing 
(including device programming or simulation files), and any 
associated documentation or information are expressly subject 
to the terms and conditions of the Altera Program License 
Subscription Agreement, Altera MegaCore Function License 
Agreement, or other applicable license agreement, including, 
without limitation, that your use is for the sole purpose of 
programming logic devices manufactured by Altera and sold by 
Altera or its authorized distributors.  Please refer to the 
applicable agreement for further details.



+------------------------------------------------------------------------------------+
; Flow Summary                                                                       ;
+------------------------------------+-----------------------------------------------+
; Flow Status                        ; Flow Failed - Tue Oct 09 11:09:16 2012        ;
; Quartus II 32-bit Version          ; 12.0 Build 263 08/02/2012 SP 2 SJ Web Edition ;
; Revision Name                      ; 64bitmux                                      ;
; Top-level Entity Name              ; 64bitmux_10_9_2012                            ;
; Family                             ; Cyclone III                                   ;
; Device                             ; EP3C40F324C8                                  ;
; Timing Models                      ; Final                                         ;
; Total logic elements               ; N/A until Partition Merge                     ;
;     Total combinational functions  ; N/A until Partition Merge                     ;
;     Dedicated logic registers      ; N/A until Partition Merge                     ;
; Total registers                    ; N/A until Partition Merge                     ;
; Total pins                         ; N/A until Partition Merge                     ;
; Total virtual pins                 ; N/A until Partition Merge                     ;
; Total memory bits                  ; N/A until Partition Merge                     ;
; Embedded Multiplier 9-bit elements ; N/A until Partition Merge                     ;
; Total PLLs                         ; N/A until Partition Merge                     ;
+------------------------------------+-----------------------------------------------+


+-----------------------------------------+
; Flow Settings                           ;
+-------------------+---------------------+
; Option            ; Setting             ;
+-------------------+---------------------+
; Start date & time ; 10/09/2012 11:09:15 ;
; Main task         ; Compilation         ;
; Revision Name     ; 64bitmux            ;
+-------------------+---------------------+


+-----------------------------------------------------------------------------------------------------------------------------------------------------------------------------------------------------------------------------+
; Flow Non-Default Global Settings                                                                                                                                                                                            ;
+-------------------------------------+-------------------------------------------------------------------------------------------------------------------------------------+---------------+--------------------+------------+
; Assignment Name                     ; Value                                                                                                                               ; Default Value ; Entity Name        ; Section Id ;
+-------------------------------------+-------------------------------------------------------------------------------------------------------------------------------------+---------------+--------------------+------------+
; COMPILER_SIGNATURE_ID               ; 22930445152154.134980615504796                                                                                                      ; --            ; --                 ; --         ;
; ENABLE_DRC_SETTINGS                 ; On                                                                                                                                  ; Off           ; --                 ; --         ;
; FITTER_EFFORT                       ; Standard Fit                                                                                                                        ; Auto Fit      ; --                 ; --         ;
; FLOW_ENABLE_IO_ASSIGNMENT_ANALYSIS  ; On                                                                                                                                  ; Off           ; --                 ; --         ;
; FLOW_ENABLE_POWER_ANALYZER          ; On                                                                                                                                  ; Off           ; --                 ; --         ;
; IP_TOOL_NAME                        ; ALTLVDS_RX                                                                                                                          ; --            ; --                 ; --         ;
; IP_TOOL_NAME                        ; ALTPLL                                                                                                                              ; --            ; --                 ; --         ;
; IP_TOOL_NAME                        ; ALTPLL                                                                                                                              ; --            ; --                 ; --         ;
; IP_TOOL_NAME                        ; ALTLVDS_TX                                                                                                                          ; --            ; --                 ; --         ;
; IP_TOOL_NAME                        ; ALTLVDS_RX                                                                                                                          ; --            ; --                 ; --         ;
; IP_TOOL_NAME                        ; ALTDDIO_OUT                                                                                                                         ; --            ; --                 ; --         ;
; IP_TOOL_VERSION                     ; 11.0                                                                                                                                ; --            ; --                 ; --         ;
; IP_TOOL_VERSION                     ; 11.1                                                                                                                                ; --            ; --                 ; --         ;
; IP_TOOL_VERSION                     ; 11.0                                                                                                                                ; --            ; --                 ; --         ;
; IP_TOOL_VERSION                     ; 11.0                                                                                                                                ; --            ; --                 ; --         ;
; IP_TOOL_VERSION                     ; 11.0                                                                                                                                ; --            ; --                 ; --         ;
; IP_TOOL_VERSION                     ; 11.0                                                                                                                                ; --            ; --                 ; --         ;
; MAX_CORE_JUNCTION_TEMP              ; 85                                                                                                                                  ; --            ; --                 ; --         ;
; MIN_CORE_JUNCTION_TEMP              ; 0                                                                                                                                   ; --            ; --                 ; --         ;
; MISC_FILE                           ; 64bitmux.dpf                                                                                                                        ; --            ; --                 ; --         ;
; MISC_FILE                           ; D:/alanb OCIW work Sept 26 2012/M2FS Sept 26 2012/FLS Altera Design/Altera file depository/64bitmux_9_25_2012_restored/64bitmux.dpf ; --            ; --                 ; --         ;
; MISC_FILE                           ; FLS_DATA_FORMATTER.bsf                                                                                                              ; --            ; --                 ; --         ;
; MISC_FILE                           ; FLS_DATA_FORMATTER_inst.vhd                                                                                                         ; --            ; --                 ; --         ;
; MISC_FILE                           ; FLS_DATA_FORMATTER.inc                                                                                                              ; --            ; --                 ; --         ;
; MISC_FILE                           ; FLS_DATA_FORMATTER.cmp                                                                                                              ; --            ; --                 ; --         ;
; MISC_FILE                           ; FLS_DATA_FORMATTER.ppf                                                                                                              ; --            ; --                 ; --         ;
; MISC_FILE                           ; altpll1.bsf                                                                                                                         ; --            ; --                 ; --         ;
; MISC_FILE                           ; altpll1.cmp                                                                                                                         ; --            ; --                 ; --         ;
; MISC_FILE                           ; altpll1.ppf                                                                                                                         ; --            ; --                 ; --         ;
; MISC_FILE                           ; altpll0.bsf                                                                                                                         ; --            ; --                 ; --         ;
; MISC_FILE                           ; altpll0.cmp                                                                                                                         ; --            ; --                 ; --         ;
; MISC_FILE                           ; altpll0.ppf                                                                                                                         ; --            ; --                 ; --         ;
; MISC_FILE                           ; altlvds_tx0.bsf                                                                                                                     ; --            ; --                 ; --         ;
; MISC_FILE                           ; altlvds_tx0_inst.vhd                                                                                                                ; --            ; --                 ; --         ;
; MISC_FILE                           ; altlvds_tx0.inc                                                                                                                     ; --            ; --                 ; --         ;
; MISC_FILE                           ; altlvds_tx0.cmp                                                                                                                     ; --            ; --                 ; --         ;
; MISC_FILE                           ; altlvds_tx0.ppf                                                                                                                     ; --            ; --                 ; --         ;
; MISC_FILE                           ; altlvds_rx0.bsf                                                                                                                     ; --            ; --                 ; --         ;
; MISC_FILE                           ; altlvds_rx0_inst.vhd                                                                                                                ; --            ; --                 ; --         ;
; MISC_FILE                           ; altlvds_rx0.inc                                                                                                                     ; --            ; --                 ; --         ;
; MISC_FILE                           ; altlvds_rx0.cmp                                                                                                                     ; --            ; --                 ; --         ;
; MISC_FILE                           ; altlvds_rx0.ppf                                                                                                                     ; --            ; --                 ; --         ;
; MISC_FILE                           ; altddio_out0.bsf                                                                                                                    ; --            ; --                 ; --         ;
; MISC_FILE                           ; altddio_out0_inst.vhd                                                                                                               ; --            ; --                 ; --         ;
; MISC_FILE                           ; altddio_out0.inc                                                                                                                    ; --            ; --                 ; --         ;
; MISC_FILE                           ; altddio_out0.cmp                                                                                                                    ; --            ; --                 ; --         ;
; MISC_FILE                           ; altddio_out0.ppf                                                                                                                    ; --            ; --                 ; --         ;
; OUTPUT_IO_TIMING_FAR_END_VMEAS      ; Half Signal Swing                                                                                                                   ; --            ; --                 ; --         ;
; OUTPUT_IO_TIMING_FAR_END_VMEAS      ; Half Signal Swing                                                                                                                   ; --            ; --                 ; --         ;
; OUTPUT_IO_TIMING_NEAR_END_VMEAS     ; Half Vccio                                                                                                                          ; --            ; --                 ; --         ;
; OUTPUT_IO_TIMING_NEAR_END_VMEAS     ; Half Vccio                                                                                                                          ; --            ; --                 ; --         ;
; PARTITION_COLOR                     ; 16764057                                                                                                                            ; --            ; 64bitmux_10_9_2012 ; Top        ;
; PARTITION_FITTER_PRESERVATION_LEVEL ; PLACEMENT_AND_ROUTING                                                                                                               ; --            ; 64bitmux_10_9_2012 ; Top        ;
; PARTITION_NETLIST_TYPE              ; SOURCE                                                                                                                              ; --            ; 64bitmux_10_9_2012 ; Top        ;
; POWER_BOARD_THERMAL_MODEL           ; None (CONSERVATIVE)                                                                                                                 ; --            ; --                 ; --         ;
; POWER_DEFAULT_INPUT_IO_TOGGLE_RATE  ; 12.5 %                                                                                                                              ; 12.5%         ; --                 ; --         ;
; POWER_PRESET_COOLING_SOLUTION       ; 23 MM HEAT SINK WITH 200 LFPM AIRFLOW                                                                                               ; --            ; --                 ; --         ;
; ROUTING_BACK_ANNOTATION_FILE        ; 64bitmux.rcf                                                                                                                        ; --            ; --                 ; --         ;
; ROUTING_BACK_ANNOTATION_MODE        ; Normal                                                                                                                              ; --            ; --                 ; --         ;
; SEARCH_PATH                         ; e:\alanb ociw work feb 14 2012\m2fs jan 9 2012\fls altera design                                                                    ; --            ; --                 ; --         ;
; SEARCH_PATH                         ; megafunctions/                                                                                                                      ; --            ; --                 ; --         ;
; SMART_RECOMPILE                     ; On                                                                                                                                  ; Off           ; --                 ; --         ;
; TOP_LEVEL_ENTITY                    ; 64bitmux_10_9_2012                                                                                                                  ; 64bitmux      ; --                 ; --         ;
+-------------------------------------+-------------------------------------------------------------------------------------------------------------------------------------+---------------+--------------------+------------+


+--------------------------------------------------------------------------------------------------------------------------+
; Flow Elapsed Time                                                                                                        ;
+----------------------+--------------+-------------------------+---------------------+------------------------------------+
; Module Name          ; Elapsed Time ; Average Processors Used ; Peak Virtual Memory ; Total CPU Time (on all processors) ;
+----------------------+--------------+-------------------------+---------------------+------------------------------------+
; Analysis & Synthesis ; 00:00:02     ; 1.0                     ; 336 MB              ; 00:00:01                           ;
; Total                ; 00:00:02     ; --                      ; --                  ; 00:00:01                           ;
+----------------------+--------------+-------------------------+---------------------+------------------------------------+


+-----------------------------------------------------------------------------------+
; Flow OS Summary                                                                   ;
+----------------------+------------------+-----------+------------+----------------+
; Module Name          ; Machine Hostname ; OS Name   ; OS Version ; Processor type ;
+----------------------+------------------+-----------+------------+----------------+
; Analysis & Synthesis ; alanb-PC         ; Windows 7 ; 6.1        ; x86_64         ;
+----------------------+------------------+-----------+------------+----------------+


------------
; Flow Log ;
------------
quartus_map --read_settings_files=on --write_settings_files=off 64bitmux -c 64bitmux



