PowerPlay Power Analyzer report for 64bitmux
Tue Oct 09 10:53:36 2012
Quartus II 32-bit Version 12.0 Build 263 08/02/2012 Service Pack 2 SJ Web Edition


---------------------
; Table of Contents ;
---------------------
  1. Legal Notice
  2. PowerPlay Power Analyzer Summary
  3. PowerPlay Power Analyzer Settings
  4. Indeterminate Toggle Rates
  5. Operating Conditions Used
  6. Thermal Power Dissipation by Block
  7. Thermal Power Dissipation by Block Type
  8. Thermal Power Dissipation by Hierarchy
  9. Core Dynamic Thermal Power Dissipation by Clock Domain
 10. Current Drawn from Voltage Supplies Summary
 11. VCCIO Supply Current Drawn by I/O Bank
 12. VCCIO Supply Current Drawn by Voltage
 13. Confidence Metric Details
 14. Signal Activities
 15. PowerPlay Power Analyzer Messages
 16. PowerPlay Power Analyzer Suppressed Messages



----------------
; Legal Notice ;
----------------
Copyright (C) 1991-2012 Altera Corporation
Your use of Altera Corporation's design tools, logic functions 
and other software and tools, and its AMPP partner logic 
functions, and any output files from any of the foregoing 
(including device programming or simulation files), and any 
associated documentation or information are expressly subject 
to the terms and conditions of the Altera Program License 
Subscription Agreement, Altera MegaCore Function License 
Agreement, or other applicable license agreement, including, 
without limitation, that your use is for the sole purpose of 
programming logic devices manufactured by Altera and sold by 
Altera or its authorized distributors.  Please refer to the 
applicable agreement for further details.



+-------------------------------------------------------------------------------------------+
; PowerPlay Power Analyzer Summary                                                          ;
+----------------------------------------+--------------------------------------------------+
; PowerPlay Power Analyzer Status        ; Successful - Tue Oct 09 10:53:36 2012            ;
; Quartus II 32-bit Version              ; 12.0 Build 263 08/02/2012 SP 2 SJ Web Edition    ;
; Revision Name                          ; 64bitmux                                         ;
; Top-level Entity Name                  ; 64bitmux                                         ;
; Family                                 ; Cyclone III                                      ;
; Device                                 ; EP3C40F324C8                                     ;
; Power Models                           ; Final                                            ;
; Total Thermal Power Dissipation        ; 251.84 mW                                        ;
; Core Dynamic Thermal Power Dissipation ; 0.00 mW                                          ;
; Core Static Thermal Power Dissipation  ; 101.44 mW                                        ;
; I/O Thermal Power Dissipation          ; 150.40 mW                                        ;
; Power Estimation Confidence            ; Low: user provided insufficient toggle rate data ;
+----------------------------------------+--------------------------------------------------+


+------------------------------------------------------------------------------------------------------------------------------------+
; PowerPlay Power Analyzer Settings                                                                                                  ;
+----------------------------------------------------------------------------+---------------------------------------+---------------+
; Option                                                                     ; Setting                               ; Default Value ;
+----------------------------------------------------------------------------+---------------------------------------+---------------+
; Use smart compilation                                                      ; On                                    ; Off           ;
; Enable parallel Assembler and TimeQuest Timing Analyzer during compilation ; On                                    ; On            ;
; Enable compact report table                                                ; Off                                   ; Off           ;
; Default Power Input I/O Toggle Rate                                        ; 12.5%                                 ; 12.5%         ;
; Preset Cooling Solution                                                    ; 23 MM HEAT SINK WITH 200 LFPM AIRFLOW ;               ;
; Board thermal model                                                        ; None (CONSERVATIVE)                   ;               ;
; Default Power Toggle Rate                                                  ; 12.5%                                 ; 12.5%         ;
; Use vectorless estimation                                                  ; On                                    ; On            ;
; Use Input Files                                                            ; Off                                   ; Off           ;
; Filter Glitches in VCD File Reader                                         ; On                                    ; On            ;
; Power Analyzer Report Signal Activity                                      ; Off                                   ; Off           ;
; Power Analyzer Report Power Dissipation                                    ; Off                                   ; Off           ;
; Device Power Characteristics                                               ; TYPICAL                               ; TYPICAL       ;
; Automatically Compute Junction Temperature                                 ; On                                    ; On            ;
; Specified Junction Temperature                                             ; 25                                    ; 25            ;
; Ambient Temperature                                                        ; 25                                    ; 25            ;
; Use Custom Cooling Solution                                                ; Off                                   ; Off           ;
; Board Temperature                                                          ; 25                                    ; 25            ;
; Enable HPS                                                                 ; Off                                   ; Off           ;
; Processor Frequency                                                        ; 0.0                                   ; 0.0           ;
+----------------------------------------------------------------------------+---------------------------------------+---------------+


+----------------------------------------------------------------------------------------------------------------------------------------------------------+
; Indeterminate Toggle Rates                                                                                                                               ;
+----------------------------------------------------------------------------------------------------------------------------+-----------------------------+
; Node                                                                                                                       ; Reason                      ;
+----------------------------------------------------------------------------------------------------------------------------+-----------------------------+
; FLS_DATA_FORMATTER:inst5|altlvds_rx:ALTLVDS_RX_component|FLS_DATA_FORMATTER_lvds_rx:auto_generated|fast_clock              ; No valid clock domain found ;
; FLS_DATA_FORMATTER:inst5|altlvds_rx:ALTLVDS_RX_component|FLS_DATA_FORMATTER_lvds_rx:auto_generated|wire_lvds_rx_pll_clk[1] ; No valid clock domain found ;
; altpll1:inst27|altpll:altpll_component|altpll1_altpll:auto_generated|wire_pll1_clk[0]                                      ; No valid clock domain found ;
; IO2                                                                                                                        ; No valid clock domain found ;
; CAM_CLKA                                                                                                                   ; No valid clock domain found ;
; CAM_FLD                                                                                                                    ; No valid clock domain found ;
; IO3                                                                                                                        ; No valid clock domain found ;
; IO4                                                                                                                        ; No valid clock domain found ;
; IO5                                                                                                                        ; No valid clock domain found ;
; IO6                                                                                                                        ; No valid clock domain found ;
; IO7                                                                                                                        ; No valid clock domain found ;
; IO8                                                                                                                        ; No valid clock domain found ;
; IO9                                                                                                                        ; No valid clock domain found ;
; IO10                                                                                                                       ; No valid clock domain found ;
; IO11                                                                                                                       ; No valid clock domain found ;
; IO12                                                                                                                       ; No valid clock domain found ;
; IO13                                                                                                                       ; No valid clock domain found ;
; IO14                                                                                                                       ; No valid clock domain found ;
; IO15                                                                                                                       ; No valid clock domain found ;
; IO16                                                                                                                       ; No valid clock domain found ;
; FRAME_CLK_OUT_B                                                                                                            ; No valid clock domain found ;
; FRAME_CLK_OUT_A                                                                                                            ; No valid clock domain found ;
; DATA_CLK_OUT_A                                                                                                             ; No valid clock domain found ;
; DATA_CLK_OUT_B                                                                                                             ; No valid clock domain found ;
; EOS_A                                                                                                                      ; No valid clock domain found ;
; EOS_B                                                                                                                      ; No valid clock domain found ;
; IO1                                                                                                                        ; No valid clock domain found ;
; LVDS_CHANNEL_8                                                                                                             ; No valid clock domain found ;
; LVDS_CHANNEL_7                                                                                                             ; No valid clock domain found ;
; LVDS_CHANNEL_6                                                                                                             ; No valid clock domain found ;
; LVDS_CHANNEL_5                                                                                                             ; No valid clock domain found ;
; LVDS_CHANNEL_4                                                                                                             ; No valid clock domain found ;
; LVDS_CHANNEL_3                                                                                                             ; No valid clock domain found ;
; LVDS_CHANNEL_1                                                                                                             ; No valid clock domain found ;
; LVDS_CHANNEL_2                                                                                                             ; No valid clock domain found ;
+----------------------------------------------------------------------------------------------------------------------------+-----------------------------+


+-------------------------------------------------------------------------+
; Operating Conditions Used                                               ;
+---------------------------------------------+---------------------------+
; Setting                                     ; Value                     ;
+---------------------------------------------+---------------------------+
; Device power characteristics                ; Typical                   ;
;                                             ;                           ;
; Voltages                                    ;                           ;
;     VCCINT                                  ; 1.20 V                    ;
;     VCCA                                    ; 2.50 V                    ;
;     VCCD                                    ; 1.20 V                    ;
;     2.5 V I/O Standard                      ; 2.5 V                     ;
;     1.8 V I/O Standard                      ; 1.8 V                     ;
;     LVDS I/O Standard                       ; 2.5 V                     ;
;                                             ;                           ;
; Auto computed junction temperature          ; 27.6 degrees Celsius      ;
;     Ambient temperature                     ; 25.0 degrees Celsius      ;
;     Junction-to-Case thermal resistance     ; 5.90 degrees Celsius/Watt ;
;     Case-to-Heat Sink thermal resistance    ; 0.10 degrees Celsius/Watt ;
;     Heat Sink-to-Ambient thermal resistance ; 4.30 degrees Celsius/Watt ;
;                                             ;                           ;
; Board model used                            ; None                      ;
+---------------------------------------------+---------------------------+


+----------------------------------------------------------------------------------------------------------------------------------------------+
; Thermal Power Dissipation by Block                                                                                                           ;
+------------+------------+---------------------+-----------------------------+--------------------------------+-------------------------------+
; Block Name ; Block Type ; Total Thermal Power ; Block Thermal Dynamic Power ; Block Thermal Static Power (1) ; Routing Thermal Dynamic Power ;
+------------+------------+---------------------+-----------------------------+--------------------------------+-------------------------------+
(1) The "Thermal Power Dissipation by Block" Table has been hidden. To show this table, please select the "Write power dissipation by block to report file" option under "PowerPlay Power Analyzer Settings".


+--------------------------------------------------------------------------------------------------------------------------------------------------------------------------------------------------------------------+
; Thermal Power Dissipation by Block Type                                                                                                                                                                            ;
+---------------------+-----------------------------------+-----------------------------+--------------------------------+-------------------------------+-----------------------------------------------------------+
; Block Type          ; Total Thermal Power by Block Type ; Block Thermal Dynamic Power ; Block Thermal Static Power (1) ; Routing Thermal Dynamic Power ; Block Average Toggle Rate (millions of transitions / sec) ;
+---------------------+-----------------------------------+-----------------------------+--------------------------------+-------------------------------+-----------------------------------------------------------+
; PLL                 ; 0.00 mW                           ; 0.00 mW                     ; --                             ; 0.00 mW                       ;    0.000                                                  ;
; Combinational cell  ; 0.00 mW                           ; 0.00 mW                     ; --                             ; 0.00 mW                       ;    0.000                                                  ;
; Clock control block ; 0.00 mW                           ; 0.00 mW                     ; --                             ; 0.00 mW                       ;    0.000                                                  ;
; Register cell       ; 0.00 mW                           ; 0.00 mW                     ; --                             ; 0.00 mW                       ;    0.000                                                  ;
; I/O register        ; 0.00 mW                           ; 0.00 mW                     ; --                             ; 0.00 mW                       ;    0.000                                                  ;
; I/O                 ; 140.31 mW                         ; 0.00 mW                     ; 140.31 mW                      ; 0.00 mW                       ;    0.000                                                  ;
+---------------------+-----------------------------------+-----------------------------+--------------------------------+-------------------------------+-----------------------------------------------------------+
(1) The "Block Thermal Static Power" for all block types except Pins and the Voltage Regulator, if one exists, is part of the "Core Static Thermal Power Dissipation" value found on the PowerPlay Power Analyzer-->Summary report panel. The "Core Static Thermal Power Dissipation" also contains the thermal static power dissipated by the routing.


+------------------------------------------------------------------------------------------------------------------------------------------------------------------------------------------------------------------------------------------------------------------------------------------------------------------------------------------------------------------+
; Thermal Power Dissipation by Hierarchy                                                                                                                                                                                                                                                                                                                           ;
+----------------------------------------------------------+--------------------------------------+---------------------------------+-----------------------------------+-----------------------------------+------------------------------------------------------------------------------------------------------------------------------------------------------+
; Compilation Hierarchy Node                               ; Total Thermal Power by Hierarchy (1) ; Block Thermal Dynamic Power (1) ; Block Thermal Static Power (1)(2) ; Routing Thermal Dynamic Power (1) ; Full Hierarchy Name                                                                                                                                  ;
+----------------------------------------------------------+--------------------------------------+---------------------------------+-----------------------------------+-----------------------------------+------------------------------------------------------------------------------------------------------------------------------------------------------+
; |64bitmux                                                ; 140.31 mW (140.31 mW)                ; 0.00 mW (0.00 mW)               ; 140.31 mW (140.31 mW)             ; 0.00 mW (0.00 mW)                 ; |64bitmux                                                                                                                                            ;
;     |hard_block:auto_generated_inst                      ; 0.00 mW (0.00 mW)                    ; 0.00 mW (0.00 mW)               ; --                                ; 0.00 mW (0.00 mW)                 ; |64bitmux|hard_block:auto_generated_inst                                                                                                             ;
;     |FLS_DATA_FORMATTER:inst5                            ; 0.00 mW (0.00 mW)                    ; 0.00 mW (0.00 mW)               ; --                                ; 0.00 mW (0.00 mW)                 ; |64bitmux|FLS_DATA_FORMATTER:inst5                                                                                                                   ;
;         |altlvds_rx:ALTLVDS_RX_component                 ; 0.00 mW (0.00 mW)                    ; 0.00 mW (0.00 mW)               ; --                                ; 0.00 mW (0.00 mW)                 ; |64bitmux|FLS_DATA_FORMATTER:inst5|altlvds_rx:ALTLVDS_RX_component                                                                                   ;
;             |FLS_DATA_FORMATTER_lvds_rx:auto_generated   ; 0.00 mW (0.00 mW)                    ; 0.00 mW (0.00 mW)               ; --                                ; 0.00 mW (0.00 mW)                 ; |64bitmux|FLS_DATA_FORMATTER:inst5|altlvds_rx:ALTLVDS_RX_component|FLS_DATA_FORMATTER_lvds_rx:auto_generated                                         ;
;                 |FLS_DATA_FORMATTER_lvds_ddio_in:ddio_in ; 0.00 mW (0.00 mW)                    ; 0.00 mW (0.00 mW)               ; --                                ; 0.00 mW (0.00 mW)                 ; |64bitmux|FLS_DATA_FORMATTER:inst5|altlvds_rx:ALTLVDS_RX_component|FLS_DATA_FORMATTER_lvds_rx:auto_generated|FLS_DATA_FORMATTER_lvds_ddio_in:ddio_in ;
;                 |FLS_DATA_FORMATTER_dffpipe:h_dffpipe    ; 0.00 mW (0.00 mW)                    ; 0.00 mW (0.00 mW)               ; --                                ; 0.00 mW (0.00 mW)                 ; |64bitmux|FLS_DATA_FORMATTER:inst5|altlvds_rx:ALTLVDS_RX_component|FLS_DATA_FORMATTER_lvds_rx:auto_generated|FLS_DATA_FORMATTER_dffpipe:h_dffpipe    ;
;     |74374b:inst19                                       ; 0.00 mW (0.00 mW)                    ; 0.00 mW (0.00 mW)               ; --                                ; 0.00 mW (0.00 mW)                 ; |64bitmux|74374b:inst19                                                                                                                              ;
;     |74374b:inst20                                       ; 0.00 mW (0.00 mW)                    ; 0.00 mW (0.00 mW)               ; --                                ; 0.00 mW (0.00 mW)                 ; |64bitmux|74374b:inst20                                                                                                                              ;
;     |74374b:inst21                                       ; 0.00 mW (0.00 mW)                    ; 0.00 mW (0.00 mW)               ; --                                ; 0.00 mW (0.00 mW)                 ; |64bitmux|74374b:inst21                                                                                                                              ;
;     |74374b:inst22                                       ; 0.00 mW (0.00 mW)                    ; 0.00 mW (0.00 mW)               ; --                                ; 0.00 mW (0.00 mW)                 ; |64bitmux|74374b:inst22                                                                                                                              ;
;     |74374b:inst23                                       ; 0.00 mW (0.00 mW)                    ; 0.00 mW (0.00 mW)               ; --                                ; 0.00 mW (0.00 mW)                 ; |64bitmux|74374b:inst23                                                                                                                              ;
;     |74374b:inst24                                       ; 0.00 mW (0.00 mW)                    ; 0.00 mW (0.00 mW)               ; --                                ; 0.00 mW (0.00 mW)                 ; |64bitmux|74374b:inst24                                                                                                                              ;
;     |74374b:inst25                                       ; 0.00 mW (0.00 mW)                    ; 0.00 mW (0.00 mW)               ; --                                ; 0.00 mW (0.00 mW)                 ; |64bitmux|74374b:inst25                                                                                                                              ;
;     |altpll1:inst27                                      ; 0.00 mW (0.00 mW)                    ; 0.00 mW (0.00 mW)               ; --                                ; 0.00 mW (0.00 mW)                 ; |64bitmux|altpll1:inst27                                                                                                                             ;
;         |altpll:altpll_component                         ; 0.00 mW (0.00 mW)                    ; 0.00 mW (0.00 mW)               ; --                                ; 0.00 mW (0.00 mW)                 ; |64bitmux|altpll1:inst27|altpll:altpll_component                                                                                                     ;
;             |altpll1_altpll:auto_generated               ; 0.00 mW (0.00 mW)                    ; 0.00 mW (0.00 mW)               ; --                                ; 0.00 mW (0.00 mW)                 ; |64bitmux|altpll1:inst27|altpll:altpll_component|altpll1_altpll:auto_generated                                                                       ;
;     |74374b:inst52                                       ; 0.00 mW (0.00 mW)                    ; 0.00 mW (0.00 mW)               ; --                                ; 0.00 mW (0.00 mW)                 ; |64bitmux|74374b:inst52                                                                                                                              ;
+----------------------------------------------------------+--------------------------------------+---------------------------------+-----------------------------------+-----------------------------------+------------------------------------------------------------------------------------------------------------------------------------------------------+
(1) Value in parentheses is the power consumed at that level of hierarchy. Value not in parentheses is the power consumed at that level of hierarchy plus the power consumed by all levels of hierarchy below it.

(2) The "Block Thermal Static Power" for all levels of hierarchy except the top-level hierarchy is part of the "Core Static Thermal Power Dissipation" value found on the PowerPlay Power Analyzer-->Summary report panel. The "Core Static Thermal Power Dissipation" also contains the thermal static power dissipated by the routing.


+--------------------------------------------------------------------+
; Core Dynamic Thermal Power Dissipation by Clock Domain             ;
+-----------------+-----------------------+--------------------------+
; Clock Domain    ; Clock Frequency (MHz) ; Total Core Dynamic Power ;
+-----------------+-----------------------+--------------------------+
; No clock domain ; 0.00                  ; 0.00                     ;
+-----------------+-----------------------+--------------------------+


+------------------------------------------------------------------------------------------------------------------------------------+
; Current Drawn from Voltage Supplies Summary                                                                                        ;
+----------------+-------------------------+---------------------------+--------------------------+----------------------------------+
; Voltage Supply ; Total Current Drawn (1) ; Dynamic Current Drawn (1) ; Static Current Drawn (1) ; Minimum Power Supply Current (2) ;
+----------------+-------------------------+---------------------------+--------------------------+----------------------------------+
; VCCINT         ; 21.27 mA                ; 0.00 mA                   ; 21.27 mA                 ; 21.27 mA                         ;
; VCCIO          ; 53.36 mA                ; 0.00 mA                   ; 53.36 mA                 ; 53.36 mA                         ;
; VCCA           ; 36.40 mA                ; 0.00 mA                   ; 36.40 mA                 ; 36.40 mA                         ;
; VCCD           ; 5.94 mA                 ; 0.00 mA                   ; 5.94 mA                  ; 5.94 mA                          ;
+----------------+-------------------------+---------------------------+--------------------------+----------------------------------+
(1) Currents reported in columns "Total Current Drawn", "Dynamic Current Drawn", and "Static Current Drawn" are sufficient for user operation of the device.  
(2) Currents reported in column "Minimum Power Supply Current" are sufficient for power-up, configuration, and user operation of the device.


+-----------------------------------------------------------------------------------------------+
; VCCIO Supply Current Drawn by I/O Bank                                                        ;
+----------+---------------+---------------------+-----------------------+----------------------+
; I/O Bank ; VCCIO Voltage ; Total Current Drawn ; Dynamic Current Drawn ; Static Current Drawn ;
+----------+---------------+---------------------+-----------------------+----------------------+
; 1        ; 2.5V          ; 8.31 mA             ; 0.00 mA               ; 8.31 mA              ;
; 2        ; 1.8V          ; 0.36 mA             ; 0.00 mA               ; 0.36 mA              ;
; 3        ; 1.8V          ; 0.36 mA             ; 0.00 mA               ; 0.36 mA              ;
; 4        ; 2.5V          ; 12.39 mA            ; 0.00 mA               ; 12.39 mA             ;
; 5        ; 2.5V          ; 18.38 mA            ; 0.00 mA               ; 18.38 mA             ;
; 6        ; 2.5V          ; 12.84 mA            ; 0.00 mA               ; 12.84 mA             ;
; 7        ; 1.8V          ; 0.36 mA             ; 0.00 mA               ; 0.36 mA              ;
; 8        ; 1.8V          ; 0.36 mA             ; 0.00 mA               ; 0.36 mA              ;
+----------+---------------+---------------------+-----------------------+----------------------+


+-----------------------------------------------------------------------------------------------------------------------------------+
; VCCIO Supply Current Drawn by Voltage                                                                                             ;
+---------------+-------------------------+---------------------------+--------------------------+----------------------------------+
; VCCIO Voltage ; Total Current Drawn (1) ; Dynamic Current Drawn (1) ; Static Current Drawn (1) ; Minimum Power Supply Current (2) ;
+---------------+-------------------------+---------------------------+--------------------------+----------------------------------+
; 1.8V          ; 1.44 mA                 ; 0.00 mA                   ; 1.44 mA                  ; 1.44 mA                          ;
; 2.5V          ; 51.92 mA                ; 0.00 mA                   ; 51.92 mA                 ; 51.92 mA                         ;
+---------------+-------------------------+---------------------------+--------------------------+----------------------------------+
(1) Currents reported in columns "Total Current Drawn", "Dynamic Current Drawn", and "Static Current Drawn" are sufficient for user operation of the device.  
(2) Currents reported in column "Minimum Power Supply Current" are sufficient for power-up, configuration, and user operation of the device.


+-------------------------------------------------------------------------------------------------------------------------------------------------+
; Confidence Metric Details                                                                                                                       ;
+----------------------------------------------------------------------------------------+-------------+------------+-------------+---------------+
; Data Source                                                                            ; Total       ; Pin        ; Registered  ; Combinational ;
+----------------------------------------------------------------------------------------+-------------+------------+-------------+---------------+
; Simulation (from file)                                                                 ;             ;            ;             ;               ;
;     -- Number of signals with Toggle Rate from Simulation                              ; 0 (0.0%)    ; 0 (0.0%)   ; 0 (0.0%)    ; 0 (0.0%)      ;
;     -- Number of signals with Static Probability from Simulation                       ; 0 (0.0%)    ; 0 (0.0%)   ; 0 (0.0%)    ; 0 (0.0%)      ;
;                                                                                        ;             ;            ;             ;               ;
; Node, entity or clock assignment                                                       ;             ;            ;             ;               ;
;     -- Number of signals with Toggle Rate from Node, entity or clock assignment        ; 0 (0.0%)    ; 0 (0.0%)   ; 0 (0.0%)    ; 0 (0.0%)      ;
;     -- Number of signals with Static Probability from Node, entity or clock assignment ; 0 (0.0%)    ; 0 (0.0%)   ; 0 (0.0%)    ; 0 (0.0%)      ;
;                                                                                        ;             ;            ;             ;               ;
; Vectorless estimation                                                                  ;             ;            ;             ;               ;
;     -- Number of signals with Toggle Rate from Vectorless estimation                   ; 310 (86.6%) ; 47 (51.1%) ; 91 (100.0%) ; 172 (98.3%)   ;
;     -- Number of signals with Zero toggle rate, from Vectorless estimation             ; 248 (69.3%) ; 32 (34.8%) ; 80 (87.9%)  ; 136 (77.7%)   ;
;     -- Number of signals with Static Probability from Vectorless estimation            ; 310 (86.6%) ; 47 (51.1%) ; 91 (100.0%) ; 172 (98.3%)   ;
;                                                                                        ;             ;            ;             ;               ;
; Default assignment                                                                     ;             ;            ;             ;               ;
;     -- Number of signals with Toggle Rate from Default assignment                      ; 0 (0.0%)    ; 0 (0.0%)   ; 0 (0.0%)    ; 0 (0.0%)      ;
;     -- Number of signals with Static Probability from Default assignment               ; 48 (13.4%)  ; 45 (48.9%) ; 0 (0.0%)    ; 3 (1.7%)      ;
;                                                                                        ;             ;            ;             ;               ;
; Assumed 0                                                                              ;             ;            ;             ;               ;
;     -- Number of signals with Toggle Rate assumed 0                                    ; 48 (13.4%)  ; 45 (48.9%) ; 0 (0.0%)    ; 3 (1.7%)      ;
+----------------------------------------------------------------------------------------+-------------+------------+-------------+---------------+


+---------------------------------------------------------------------------------------------------------------------------------------------+
; Signal Activities                                                                                                                           ;
+--------+------+---------------------------------------------+-------------------------+--------------------+--------------------------------+
; Signal ; Type ; Toggle Rate (millions of transitions / sec) ; Toggle Rate Data Source ; Static Probability ; Static Probability Data Source ;
+--------+------+---------------------------------------------+-------------------------+--------------------+--------------------------------+
(1) The "Signal Activity" Table has been hidden. To show this table, please select the "Write signal activities to report file" option under "PowerPlay Power Analyzer Settings".


+-----------------------------------+
; PowerPlay Power Analyzer Messages ;
+-----------------------------------+
Info: *******************************************************************
Info: Running Quartus II 32-bit PowerPlay Power Analyzer
    Info: Version 12.0 Build 263 08/02/2012 Service Pack 2 SJ Web Edition
    Info: Processing started: Tue Oct 09 10:53:31 2012
Info: Command: quartus_pow --read_settings_files=off --write_settings_files=off 64bitmux -c 64bitmux
Info (21077): Low junction temperature is 0 degrees C
Info (21077): High junction temperature is 85 degrees C
Warning (332060): Node: CAM_CLKA was determined to be a clock but was found without an associated clock assignment.
Warning (332068): No clocks defined in design.
Warning (332056): PLL cross checking found inconsistent PLL clock settings:
    Warning (332056): Node: inst27|altpll_component|auto_generated|pll1|clk[0] was found missing 1 generated clock that corresponds to a base clock with a period of: 12.500
    Warning (332056): Node: inst5|ALTLVDS_RX_component|auto_generated|lvds_rx_pll|clk[0] was found missing 1 generated clock that corresponds to a base clock with a period of: 12.500
    Warning (332056): Node: inst5|ALTLVDS_RX_component|auto_generated|lvds_rx_pll|clk[1] was found missing 1 generated clock that corresponds to a base clock with a period of: 12.500
Info (223000): Starting Vectorless Power Activity Estimation
Warning (222013): Relative toggle rates could not be calculated because no clock domain could be identified for some nodes
Info (223001): Completed Vectorless Power Activity Estimation
Info (218000): Using Advanced I/O Power to simulate I/O buffers with the specified board trace model
Info (215049): Average toggle rate for this design is 0.000 millions of transitions / sec
Info (215031): Total thermal power estimate for the design is 251.84 mW
Info (144001): Generated suppressed messages file D:/alanb OCIW work Sept 26 2012/M2FS Sept 26 2012/FLS Altera Design/Altera file depository/64bitmux_9_25_2012_restored/64bitmux.pow.smsg
Info: Quartus II 32-bit PowerPlay Power Analyzer was successful. 0 errors, 7 warnings
    Info: Peak virtual memory: 337 megabytes
    Info: Processing ended: Tue Oct 09 10:53:36 2012
    Info: Elapsed time: 00:00:05
    Info: Total CPU time (on all processors): 00:00:04


+----------------------------------------------+
; PowerPlay Power Analyzer Suppressed Messages ;
+----------------------------------------------+
The suppressed messages can be found in D:/alanb OCIW work Sept 26 2012/M2FS Sept 26 2012/FLS Altera Design/Altera file depository/64bitmux_9_25_2012_restored/64bitmux.pow.smsg.


